2022-04-02 12:13:33|   0.0|  0.0|INFORM|Current FME version: FME 2021.2.0.0 (20211029 - Build 21784 - WIN64)
2022-04-02 12:13:33|   0.0|  0.0|INFORM|FME_HOME is 'C:\Program Files\FME\'
2022-04-02 12:13:33|   0.0|  0.0|INFORM|FME Desktop ESRI Edition (floating)
2022-04-02 12:13:33|   0.0|  0.0|INFORM|Permanent License.
2022-04-02 12:13:33|   0.0|  0.0|INFORM|Machine host name is: AZWPVD2WSWK-92
2022-04-02 12:13:33|   0.0|  0.0|INFORM|Locale: en_US
2022-04-02 12:13:33|   0.0|  0.0|INFORM|System Encoding: windows-1252
2022-04-02 12:13:33|   0.0|  0.0|INFORM|FME Configuration: FME_BASE is 'no'
2022-04-02 12:13:33|   0.0|  0.0|INFORM|FME Configuration: FME_MF_DIR is 'H:\imagery_scripts/'
2022-04-02 12:13:33|   0.0|  0.0|INFORM|FME Configuration: FME_MF_NAME is 'Update 3vG mosaics.fmw'
2022-04-02 12:13:33|   0.0|  0.0|INFORM|FME Configuration: FME_PRODUCT_NAME is 'FME(R) 2021.2.0.0'
2022-04-02 12:13:33|   0.0|  0.0|INFORM|Operating System: Microsoft Windows Server 10 Server 4.0 64-bit  (Build 19043)
2022-04-02 12:13:33|   0.0|  0.0|INFORM|FME Platform: WIN64
2022-04-02 12:13:33|   0.0|  0.0|INFORM|System Status: 2.30 GB of disk space available in the FME temporary folder (C:\Users\LOCAL_~4\Temp\wbrun_1648911689388_17336\fmetmp_16)
2022-04-02 12:13:33|   0.0|  0.0|INFORM|System Status: 112.00 GB of physical memory available
2022-04-02 12:13:33|   0.0|  0.0|INFORM|System Status: 448.00 GB of virtual memory available
2022-04-02 12:13:33|   0.0|  0.0|INFORM|START - ProcessID: 21112, peak process memory usage: 74480 kB, current process memory usage: 74120 kB
2022-04-02 12:13:33|   0.0|  0.0|INFORM|FME Configuration: Command line arguments are `C:\Program Files\FME\fme.exe' `H:/imagery_scripts\wb-xlate-1648926804578_17336' `LOG_STANDARDOUT' `YES' `LogCountServerName' `{c47ac503-cf44-4cc5-87c9-26f1d3847504}'
2022-04-02 12:13:33|   0.0|  0.0|INFORM|FME Configuration: Connection Storage: 'C:\Users\smclaugh1\AppData\Roaming\Safe Software\FME\'
2022-04-02 12:13:33|   0.0|  0.0|INFORM|Shared folders for formats are : C:\Program Files\FME\datasources
2022-04-02 12:13:33|   0.0|  0.0|INFORM|Shared folders for transformers are : C:\Users\smclaugh1\AppData\Roaming\Safe Software\FME\Packages\21784-win64\transformers;C:\Program Files\FME\transformers
2022-04-02 12:13:33|   0.0|  0.0|INFORM|FME Configuration: Reader Keyword is `MULTI_READER'
2022-04-02 12:13:33|   0.0|  0.0|INFORM|FME Configuration: Writer Keyword is `NULL_DEST'
2022-04-02 12:13:33|   0.0|  0.0|INFORM|FME Configuration: Writer Group Definition Keyword is `NULL_DEST_DEF'
2022-04-02 12:13:33|   0.0|  0.0|INFORM|FME Configuration: Reader type is `MULTI_READER'
2022-04-02 12:13:33|   0.0|  0.0|INFORM|FME Configuration: Writer type is `NULL'
2022-04-02 12:13:33|   0.0|  0.0|INFORM|FME Configuration: No destination coordinate system set
2022-04-02 12:13:33|   0.0|  0.0|INFORM|FME Configuration: Current working folder is `H:\imagery_scripts'
2022-04-02 12:13:33|   0.0|  0.0|INFORM|FME Configuration: Temporary folder is `C:\Users\LOCAL_~4\Temp\wbrun_1648911689388_17336\fmetmp_16', set from environment variable `FME_TEMP'
2022-04-02 12:13:33|   0.0|  0.0|INFORM|FME Configuration: Cache folder is 'C:\Users\LOCAL_~4\Temp'
2022-04-02 12:13:33|   0.0|  0.0|INFORM|FME Configuration: FME_HOME is `C:\Program Files\FME\'
2022-04-02 12:13:33|   0.0|  0.0|INFORM|FME Configuration: Start freeing memory when the process exceeds 336.00 GB
2022-04-02 12:13:33|   0.0|  0.0|INFORM|FME Configuration: Stop freeing memory when the process is below 252.00 GB
2022-04-02 12:13:33|   0.0|  0.0|INFORM|Creating writer for format: NULL (Nothing)
2022-04-02 12:13:33|   0.0|  0.0|INFORM|Trying to find a DYNAMIC plugin for writer named `NULL'
2022-04-02 12:13:33|   0.1|  0.1|INFORM|Loaded module 'NULL' from file 'C:\Program Files\FME\plugins/NULL.dll'
2022-04-02 12:13:33|   0.1|  0.0|INFORM|FME API version of module 'NULL' matches current internal version (3.8 20210302)
2022-04-02 12:13:33|   0.1|  0.0|INFORM|Creating reader for format: 
2022-04-02 12:13:33|   0.1|  0.0|INFORM|MULTI_READER(MULTI_READER): Will fail with first member reader failure
2022-04-02 12:13:33|   0.1|  0.0|INFORM|Using Multi Reader with keyword `MULTI_READER' to read multiple datasets
2022-04-02 12:13:33|   0.1|  0.0|INFORM|FME API version of module 'NULL' matches current internal version (3.8 20210302)
2022-04-02 12:13:33|   0.1|  0.0|INFORM|FME API version of module 'NULL' matches current internal version (3.8 20210302)
2022-04-02 12:13:33|   0.1|  0.0|INFORM|Loaded module 'LogCount_func' from file 'C:\Program Files\FME\plugins/LogCount_func.dll'
2022-04-02 12:13:33|   0.1|  0.0|INFORM|FME API version of module 'LogCount_func' matches current internal version (3.8 20210302)
2022-04-02 12:13:33|   0.1|  0.0|INFORM|Loaded module 'PythonFactory' from file 'C:\Program Files\FME\plugins/PythonFactory.dll'
2022-04-02 12:13:33|   0.1|  0.0|INFORM|FME API version of module 'PythonFactory' matches current internal version (3.8 20210302)
2022-04-02 12:13:33|   0.1|  0.0|INFORM|Using Python interpreter from `C:\Program Files\ArcGIS\Pro\bin\Python\envs\arcgispro-py3\python37.dll' with PYTHONHOME `C:\Program Files\ArcGIS\Pro\bin\Python\envs\arcgispro-py3'
2022-04-02 12:13:33|   0.1|  0.0|INFORM|Python version 3.7 loaded successfully
2022-04-02 12:13:34|   0.4|  0.3|INFORM|Adding folder `H:\imagery_scripts\' to the python path
2022-04-02 12:13:35|   0.7|  0.3|INFORM|... Last line repeated 3 times ...
2022-04-02 12:13:35|   0.7|  0.0|INFORM|FME API version of module 'PythonFactory' matches current internal version (3.8 20210302)
2022-04-02 12:13:35|   0.7|  0.0|INFORM|Loaded module 'FeatureJoinerFactory' from file 'C:\Program Files\FME\plugins/FeatureJoinerFactory.dll'
2022-04-02 12:13:35|   0.7|  0.0|INFORM|FME API version of module 'FeatureJoinerFactory' matches current internal version (3.8 20210302)
2022-04-02 12:13:35|   0.7|  0.0|INFORM|FME API version of module 'PythonFactory' matches current internal version (3.8 20210302)
2022-04-02 12:13:35|   0.8|  0.1|INFORM|FME API version of module 'PythonFactory' matches current internal version (3.8 20210302)
2022-04-02 12:13:35|   0.8|  0.0|INFORM|Loaded module 'InspectorFactory' from file 'C:\Program Files\FME\plugins/InspectorFactory.dll'
2022-04-02 12:13:35|   0.8|  0.0|INFORM|FME API version of module 'InspectorFactory' matches current internal version (3.8 20210302)
2022-04-02 12:13:35|   0.8|  0.0|INFORM|FME API version of module 'InspectorFactory' matches current internal version (3.8 20210302)
2022-04-02 12:13:35|   0.8|  0.0|INFORM|Emptying factory pipeline
2022-04-02 12:13:35|   0.8|  0.0|STATS |geospatialnapsa01_OUTPUT Feature Counter -1 4 (TeeFactory): Cloned 0 input feature(s) into 0 output feature(s)
2022-04-02 12:13:35|   0.8|  0.0|STATS |geospatialnapsa01_OUTPUT Brancher -1 4 (BranchingFactory): Branched 0 input features -- 0 features routed to the target factory, and 0 features routed to the fallback factory.
2022-04-02 12:13:38|   1.3|  0.5|STATS |Storing feature(s) to FME feature store file `C:\Users\LOCAL_~4\Temp\wb-cache-Update 3vG mosaics-iebUGC\Main_Read_dest -1 5 fo 0 OUTPUT  0  b1f67b4219b238deda542930feaee1fce434ec52.ffsupdating'
2022-04-02 12:13:38|   1.4|  0.1|STATS |Read_dest_Creator (CreationFactory): Created 1 features
2022-04-02 12:13:38|   1.4|  0.0|INFORM|Optional `process_group' method not present; not called
2022-04-02 12:13:38|   1.4|  0.0|STATS |Read_dest_OUTPUT Feature Counter -1 10 (TeeFactory): Cloned 220 input feature(s) into 220 output feature(s)
2022-04-02 12:13:38|   1.4|  0.0|STATS |Read_dest_OUTPUT Brancher -1 10 (BranchingFactory): Branched 220 input features -- 220 features routed to the target factory, and 0 features routed to the fallback factory.
2022-04-02 12:14:49|   3.1|  1.7|STATS |Storing feature(s) to FME feature store file `C:\Users\LOCAL_~4\Temp\wb-cache-Update 3vG mosaics-iebUGC\Main_fmi_com -1 7 fo 0 OUTPUT  0  397bced2410445adc026b93850fa839c9263e9ea.ffsupdating'
2022-04-02 12:14:49|   3.1|  0.0|STATS |fmi_com_Creator (CreationFactory): Created 1 features
2022-04-02 12:14:49|   3.1|  0.0|INFORM|Optional `process_group' method not present; not called
2022-04-02 12:14:49|   3.1|  0.0|STATS |fmi_com_OUTPUT Feature Counter -1 9 (TeeFactory): Cloned 197 input feature(s) into 197 output feature(s)
2022-04-02 12:14:49|   3.1|  0.0|STATS |fmi_com_OUTPUT Brancher -1 9 (BranchingFactory): Branched 197 input features -- 197 features routed to the target factory, and 0 features routed to the fallback factory.
2022-04-02 12:14:49|   3.1|  0.0|STATS |_CREATOR_BRANCH_TARGET (TeeFactory): Cloned 417 input feature(s) into 417 output feature(s)
2022-04-02 12:14:49|   3.1|  0.0|STATS |Storing feature(s) to FME feature store file `C:\Users\LOCAL_~4\Temp\wb-cache-Update 3vG mosaics-iebUGC\Main_FeatureJoiner_2 -1 8 fo 0 JOINED  0  555539b6ad9124f2931541b6ddaaf0314baf7a02.ffsupdating'
2022-04-02 12:14:49|   3.2|  0.1|INFORM|FFS writer: Writing 208 feature(s) to file 'C:\Users\LOCAL_~4\Temp\wb-cache-Update 3vG mosaics-iebUGC\Main_FeatureJoiner_2 -1 8 fo 0 JOINED  0  555539b6ad9124f2931541b6ddaaf0314baf7a02.fts'
2022-04-02 12:14:49|   3.2|  0.0|STATS |Storing feature(s) to FME feature store file `C:\Users\LOCAL_~4\Temp\wb-cache-Update 3vG mosaics-iebUGC\Main_FeatureJoiner_2 -1 8 fo 1 UNJOINED_LEFT  0  900da5ef925de2a1a664208c53a02e2ddc59fcee.ffsupdating'
2022-04-02 12:14:49|   3.3|  0.1|INFORM|FFS writer: Writing 1 feature(s) to file 'C:\Users\LOCAL_~4\Temp\wb-cache-Update 3vG mosaics-iebUGC\Main_FeatureJoiner_2 -1 8 fo 1 UNJOINED_LEFT  0  900da5ef925de2a1a664208c53a02e2ddc59fcee.fts'
2022-04-02 12:14:49|   3.3|  0.0|STATS |Storing feature(s) to FME feature store file `C:\Users\LOCAL_~4\Temp\wb-cache-Update 3vG mosaics-iebUGC\Main_StringSearcher -1 11 fo 0 MATCHED  0  fdcf75968d536ac1fb11eb8cc755aa6f2051b493.ffsupdating'
2022-04-02 12:14:49|   3.3|  0.0|STATS |Storing feature(s) to FME feature store file `C:\Users\LOCAL_~4\Temp\wb-cache-Update 3vG mosaics-iebUGC\Main_AttributeCreator -1 13 fo 0 OUTPUT  0  66a934ffbc298204f1e7d4d05dae177d87172c15.ffsupdating'
2022-04-02 12:14:49|   3.3|  0.0|INFORM|Robocopy_Rasters (PythonFactory): Splitting bulk features into individual features
2022-04-02 12:20:43|   4.2|  0.9|STATS |Storing feature(s) to FME feature store file `C:\Users\LOCAL_~4\Temp\wb-cache-Update 3vG mosaics-iebUGC\Main_Robocopy_Rasters -1 18 fo 0 OUTPUT  0  6b28da1943f2d907521809b1b8358abbace01231.ffsupdating'
2022-04-02 12:20:43|   4.2|  0.0|STATS |Storing feature(s) to FME feature store file `C:\Users\LOCAL_~4\Temp\wb-cache-Update 3vG mosaics-iebUGC\Main_AttributeCreator_2 -1 22 fo 0 OUTPUT  0  e5d1588f13fe6ce6f21e8596ad48280f1ab64d79.ffsupdating'
2022-04-02 12:20:55|   7.8|  3.6|INFORM|Adding 20211219_SAM_Orthorectified_Optical_WebMer.tif to mosaic dataset
2022-04-02 12:21:34|  23.0| 15.2|INFORM|calculating fields
2022-04-02 12:21:43|  26.4|  3.4|INFORM|Synchronizing dataset
2022-04-02 12:22:19|  33.0|  6.6|INFORM|That's all folks!
2022-04-02 12:22:19|  33.0|  0.0|STATS |Storing feature(s) to FME feature store file `C:\Users\LOCAL_~4\Temp\wb-cache-Update 3vG mosaics-iebUGC\Main_PythonCaller -1 31 fo 0 OUTPUT  0  942551e8f6af9df9458cc9ea3ed86502d2e0249e.ffsupdating'
2022-04-02 12:22:19|  33.1|  0.1|STATS |Storing feature(s) to FME feature store file `C:\Users\LOCAL_~4\Temp\wb-inspectors-CbvkVP\inspector.ffs'
2022-04-02 12:22:19|  33.1|  0.0|INFORM|Robocopy_Rasters (PythonFactory): Processed 1 of 1 features
2022-04-02 12:22:19|  33.1|  0.0|STATS |Storing feature(s) to FME feature store file `C:\Users\LOCAL_~4\Temp\wb-cache-Update 3vG mosaics-iebUGC\Main_StringSearcher_2 -1 15 fo 1 NOT_MATCHED  0  4736d47501ee59748004b60cc53ce8154d1da4ee.ffsupdating'
2022-04-02 12:22:19|  33.2|  0.1|INFORM|FFS writer: Writing 1 feature(s) to file 'C:\Users\LOCAL_~4\Temp\wb-cache-Update 3vG mosaics-iebUGC\Main_StringSearcher_2 -1 15 fo 1 NOT_MATCHED  0  4736d47501ee59748004b60cc53ce8154d1da4ee.fts'
2022-04-02 12:22:19|  33.2|  0.0|STATS |Storing feature(s) to FME feature store file `C:\Users\LOCAL_~4\Temp\wb-cache-Update 3vG mosaics-iebUGC\Main_FeatureJoiner_2 -1 8 fo 2 UNJOINED_RIGHT  0  00906774d8a1a641bbf7b408d1b9752a8ff3db1f.ffsupdating'
2022-04-02 12:22:19|  33.2|  0.0|INFORM|FFS writer: Writing 14 feature(s) to file 'C:\Users\LOCAL_~4\Temp\wb-cache-Update 3vG mosaics-iebUGC\Main_FeatureJoiner_2 -1 8 fo 2 UNJOINED_RIGHT  0  00906774d8a1a641bbf7b408d1b9752a8ff3db1f.fts'
2022-04-02 12:22:19|  33.2|  0.0|STATS |FeatureJoiner_2 UNJOINED_LEFT Splitter (TeeFactory): Cloned 1 input feature(s) into 2 output feature(s)
2022-04-02 12:22:19|  33.2|  0.0|STATS |FeatureJoiner_2_JOINED Feature Counter -1 2147614728 (TeeFactory): Cloned 208 input feature(s) into 0 output feature(s)
2022-04-02 12:22:19|  33.2|  0.0|STATS |FeatureJoiner_2_UNJOINED_LEFT_0_t3OmnsheSb0= Feature Counter -1 12 (TeeFactory): Cloned 1 input feature(s) into 1 output feature(s)
2022-04-02 12:22:19|  33.2|  0.0|STATS |FeatureJoiner_2_UNJOINED_LEFT_1_dKlnrsfQ9i4= Feature Counter -1 16 (TeeFactory): Cloned 1 input feature(s) into 1 output feature(s)
2022-04-02 12:22:19|  33.2|  0.0|STATS |FeatureJoiner_2_UNJOINED_RIGHT Feature Counter -1 2147745800 (TeeFactory): Cloned 14 input feature(s) into 0 output feature(s)
2022-04-02 12:22:19|  33.2|  0.0|STATS |FeatureJoiner_2_<REJECTED> Feature Counter -1 2147811336 (TeeFactory): Cloned 0 input feature(s) into 0 output feature(s)
2022-04-02 12:22:19|  33.2|  0.0|STATS |StringSearcher (TestFactory): Tested 1 input feature(s) -- 1 feature(s) passed and 0 feature(s) failed
2022-04-02 12:22:19|  33.2|  0.0|STATS |StringSearcher_MATCHED Feature Counter -1 14 (TeeFactory): Cloned 1 input feature(s) into 1 output feature(s)
2022-04-02 12:22:19|  33.2|  0.0|STATS |StringSearcher_NOT_MATCHED Feature Counter -1 2147680267 (TeeFactory): Cloned 0 input feature(s) into 0 output feature(s)
2022-04-02 12:22:19|  33.2|  0.0|STATS |StringSearcher_2 (TestFactory): Tested 1 input feature(s) -- 0 feature(s) passed and 1 feature(s) failed
2022-04-02 12:22:19|  33.2|  0.0|STATS |StringSearcher_2_MATCHED Feature Counter -1 17 (TeeFactory): Cloned 0 input feature(s) into 0 output feature(s)
2022-04-02 12:22:20|  33.2|  0.0|STATS |StringSearcher_2_NOT_MATCHED Feature Counter -1 2147680271 (TeeFactory): Cloned 1 input feature(s) into 0 output feature(s)
2022-04-02 12:22:20|  33.2|  0.0|STATS |AttributeCreator OUTPUT Splitter (TeeFactory): Cloned 1 input feature(s) into 2 output feature(s)
2022-04-02 12:22:20|  33.2|  0.0|STATS |AttributeCreator_OUTPUT_0_lQ+3mj5tm0E= Feature Counter -1 23 (TeeFactory): Cloned 1 input feature(s) into 1 output feature(s)
2022-04-02 12:22:20|  33.2|  0.0|STATS |AttributeCreator_OUTPUT_1_Et/p63Aqn4M= Feature Counter -1 30 (TeeFactory): Cloned 1 input feature(s) into 1 output feature(s)
2022-04-02 12:22:20|  33.3|  0.1|STATS |Robocopy_Rasters_OUTPUT Feature Counter -1 20 (TeeFactory): Cloned 1 input feature(s) into 1 output feature(s)
2022-04-02 12:22:20|  33.3|  0.0|STATS |AttributeCreator_2_OUTPUT Feature Counter -1 24 (TeeFactory): Cloned 1 input feature(s) into 1 output feature(s)
2022-04-02 12:22:20|  33.3|  0.0|STATS |PythonCaller_OUTPUT Feature Counter -1 32 (TeeFactory): Cloned 1 input feature(s) into 1 output feature(s)
2022-04-02 12:22:20|  33.3|  0.0|STATS |Stored 1 feature(s) to FME feature store file `C:\Users\LOCAL_~4\Temp\wb-cache-Update 3vG mosaics-iebUGC\Main_PythonCaller -1 31 fo 0 OUTPUT  0  942551e8f6af9df9458cc9ea3ed86502d2e0249e.ffsupdating'
2022-04-02 12:22:20|  33.3|  0.0|INFORM|Saving spatial index into file 'C:\Users\LOCAL_~4\Temp\wb-cache-Update 3vG mosaics-iebUGC\Main_PythonCaller -1 31 fo 0 OUTPUT  0  942551e8f6af9df9458cc9ea3ed86502d2e0249e.fsi'
2022-04-02 12:22:20|  33.3|  0.0|INFORM|Finished saving spatial index into file 'C:\Users\LOCAL_~4\Temp\wb-cache-Update 3vG mosaics-iebUGC\Main_PythonCaller -1 31 fo 0 OUTPUT  0  942551e8f6af9df9458cc9ea3ed86502d2e0249e.fsi'
2022-04-02 12:22:20|  33.3|  0.0|STATS |Stored 1 feature(s) to FME feature store file `C:\Users\LOCAL_~4\Temp\wb-cache-Update 3vG mosaics-iebUGC\Main_FeatureJoiner_2 -1 8 fo 0 JOINED  0  555539b6ad9124f2931541b6ddaaf0314baf7a02.ffsupdating'
2022-04-02 12:22:20|  33.3|  0.0|INFORM|Saving spatial index into file 'C:\Users\LOCAL_~4\Temp\wb-cache-Update 3vG mosaics-iebUGC\Main_FeatureJoiner_2 -1 8 fo 0 JOINED  0  555539b6ad9124f2931541b6ddaaf0314baf7a02.fsi'
2022-04-02 12:22:20|  33.3|  0.0|INFORM|Finished saving spatial index into file 'C:\Users\LOCAL_~4\Temp\wb-cache-Update 3vG mosaics-iebUGC\Main_FeatureJoiner_2 -1 8 fo 0 JOINED  0  555539b6ad9124f2931541b6ddaaf0314baf7a02.fsi'
2022-04-02 12:22:20|  33.3|  0.0|STATS |Stored 220 feature(s) to FME feature store file `C:\Users\LOCAL_~4\Temp\wb-cache-Update 3vG mosaics-iebUGC\Main_Read_dest -1 5 fo 0 OUTPUT  0  b1f67b4219b238deda542930feaee1fce434ec52.ffsupdating'
2022-04-02 12:22:20|  33.3|  0.0|INFORM|Saving spatial index into file 'C:\Users\LOCAL_~4\Temp\wb-cache-Update 3vG mosaics-iebUGC\Main_Read_dest -1 5 fo 0 OUTPUT  0  b1f67b4219b238deda542930feaee1fce434ec52.fsi'
2022-04-02 12:22:20|  33.3|  0.0|INFORM|Finished saving spatial index into file 'C:\Users\LOCAL_~4\Temp\wb-cache-Update 3vG mosaics-iebUGC\Main_Read_dest -1 5 fo 0 OUTPUT  0  b1f67b4219b238deda542930feaee1fce434ec52.fsi'
2022-04-02 12:22:20|  33.3|  0.0|STATS |Stored 2 feature(s) to FME feature store file `C:\Users\LOCAL_~4\Temp\wb-inspectors-CbvkVP\inspector.ffs'
2022-04-02 12:22:20|  33.3|  0.0|INFORM|Saving spatial index into file 'C:\Users\LOCAL_~4\Temp\wb-inspectors-CbvkVP\inspector.fsi'
2022-04-02 12:22:20|  33.3|  0.0|INFORM|Finished saving spatial index into file 'C:\Users\LOCAL_~4\Temp\wb-inspectors-CbvkVP\inspector.fsi'
2022-04-02 12:22:20|  33.3|  0.0|STATS |Stored 197 feature(s) to FME feature store file `C:\Users\LOCAL_~4\Temp\wb-cache-Update 3vG mosaics-iebUGC\Main_fmi_com -1 7 fo 0 OUTPUT  0  397bced2410445adc026b93850fa839c9263e9ea.ffsupdating'
2022-04-02 12:22:20|  33.3|  0.0|INFORM|Saving spatial index into file 'C:\Users\LOCAL_~4\Temp\wb-cache-Update 3vG mosaics-iebUGC\Main_fmi_com -1 7 fo 0 OUTPUT  0  397bced2410445adc026b93850fa839c9263e9ea.fsi'
2022-04-02 12:22:20|  33.3|  0.0|INFORM|Finished saving spatial index into file 'C:\Users\LOCAL_~4\Temp\wb-cache-Update 3vG mosaics-iebUGC\Main_fmi_com -1 7 fo 0 OUTPUT  0  397bced2410445adc026b93850fa839c9263e9ea.fsi'
2022-04-02 12:22:20|  33.3|  0.0|STATS |Stored 1 feature(s) to FME feature store file `C:\Users\LOCAL_~4\Temp\wb-cache-Update 3vG mosaics-iebUGC\Main_FeatureJoiner_2 -1 8 fo 2 UNJOINED_RIGHT  0  00906774d8a1a641bbf7b408d1b9752a8ff3db1f.ffsupdating'
2022-04-02 12:22:20|  33.3|  0.0|INFORM|Saving spatial index into file 'C:\Users\LOCAL_~4\Temp\wb-cache-Update 3vG mosaics-iebUGC\Main_FeatureJoiner_2 -1 8 fo 2 UNJOINED_RIGHT  0  00906774d8a1a641bbf7b408d1b9752a8ff3db1f.fsi'
2022-04-02 12:22:20|  33.3|  0.0|INFORM|Finished saving spatial index into file 'C:\Users\LOCAL_~4\Temp\wb-cache-Update 3vG mosaics-iebUGC\Main_FeatureJoiner_2 -1 8 fo 2 UNJOINED_RIGHT  0  00906774d8a1a641bbf7b408d1b9752a8ff3db1f.fsi'
2022-04-02 12:22:20|  33.3|  0.0|STATS |Stored 1 feature(s) to FME feature store file `C:\Users\LOCAL_~4\Temp\wb-cache-Update 3vG mosaics-iebUGC\Main_FeatureJoiner_2 -1 8 fo 1 UNJOINED_LEFT  0  900da5ef925de2a1a664208c53a02e2ddc59fcee.ffsupdating'
2022-04-02 12:22:20|  33.3|  0.0|INFORM|Saving spatial index into file 'C:\Users\LOCAL_~4\Temp\wb-cache-Update 3vG mosaics-iebUGC\Main_FeatureJoiner_2 -1 8 fo 1 UNJOINED_LEFT  0  900da5ef925de2a1a664208c53a02e2ddc59fcee.fsi'
2022-04-02 12:22:20|  33.3|  0.0|INFORM|Finished saving spatial index into file 'C:\Users\LOCAL_~4\Temp\wb-cache-Update 3vG mosaics-iebUGC\Main_FeatureJoiner_2 -1 8 fo 1 UNJOINED_LEFT  0  900da5ef925de2a1a664208c53a02e2ddc59fcee.fsi'
2022-04-02 12:22:20|  33.3|  0.0|STATS |Stored 1 feature(s) to FME feature store file `C:\Users\LOCAL_~4\Temp\wb-cache-Update 3vG mosaics-iebUGC\Main_StringSearcher -1 11 fo 0 MATCHED  0  fdcf75968d536ac1fb11eb8cc755aa6f2051b493.ffsupdating'
2022-04-02 12:22:20|  33.3|  0.0|INFORM|Saving spatial index into file 'C:\Users\LOCAL_~4\Temp\wb-cache-Update 3vG mosaics-iebUGC\Main_StringSearcher -1 11 fo 0 MATCHED  0  fdcf75968d536ac1fb11eb8cc755aa6f2051b493.fsi'
2022-04-02 12:22:20|  33.3|  0.0|INFORM|Finished saving spatial index into file 'C:\Users\LOCAL_~4\Temp\wb-cache-Update 3vG mosaics-iebUGC\Main_StringSearcher -1 11 fo 0 MATCHED  0  fdcf75968d536ac1fb11eb8cc755aa6f2051b493.fsi'
2022-04-02 12:22:20|  33.3|  0.0|STATS |Stored 1 feature(s) to FME feature store file `C:\Users\LOCAL_~4\Temp\wb-cache-Update 3vG mosaics-iebUGC\Main_AttributeCreator -1 13 fo 0 OUTPUT  0  66a934ffbc298204f1e7d4d05dae177d87172c15.ffsupdating'
2022-04-02 12:22:20|  33.3|  0.0|INFORM|Saving spatial index into file 'C:\Users\LOCAL_~4\Temp\wb-cache-Update 3vG mosaics-iebUGC\Main_AttributeCreator -1 13 fo 0 OUTPUT  0  66a934ffbc298204f1e7d4d05dae177d87172c15.fsi'
2022-04-02 12:22:20|  33.4|  0.1|INFORM|Finished saving spatial index into file 'C:\Users\LOCAL_~4\Temp\wb-cache-Update 3vG mosaics-iebUGC\Main_AttributeCreator -1 13 fo 0 OUTPUT  0  66a934ffbc298204f1e7d4d05dae177d87172c15.fsi'
2022-04-02 12:22:20|  33.4|  0.0|STATS |Stored 1 feature(s) to FME feature store file `C:\Users\LOCAL_~4\Temp\wb-cache-Update 3vG mosaics-iebUGC\Main_Robocopy_Rasters -1 18 fo 0 OUTPUT  0  6b28da1943f2d907521809b1b8358abbace01231.ffsupdating'
2022-04-02 12:22:20|  33.4|  0.0|INFORM|Saving spatial index into file 'C:\Users\LOCAL_~4\Temp\wb-cache-Update 3vG mosaics-iebUGC\Main_Robocopy_Rasters -1 18 fo 0 OUTPUT  0  6b28da1943f2d907521809b1b8358abbace01231.fsi'
2022-04-02 12:22:20|  33.4|  0.0|INFORM|Finished saving spatial index into file 'C:\Users\LOCAL_~4\Temp\wb-cache-Update 3vG mosaics-iebUGC\Main_Robocopy_Rasters -1 18 fo 0 OUTPUT  0  6b28da1943f2d907521809b1b8358abbace01231.fsi'
2022-04-02 12:22:20|  33.4|  0.0|STATS |Stored 1 feature(s) to FME feature store file `C:\Users\LOCAL_~4\Temp\wb-cache-Update 3vG mosaics-iebUGC\Main_AttributeCreator_2 -1 22 fo 0 OUTPUT  0  e5d1588f13fe6ce6f21e8596ad48280f1ab64d79.ffsupdating'
2022-04-02 12:22:20|  33.4|  0.0|INFORM|Saving spatial index into file 'C:\Users\LOCAL_~4\Temp\wb-cache-Update 3vG mosaics-iebUGC\Main_AttributeCreator_2 -1 22 fo 0 OUTPUT  0  e5d1588f13fe6ce6f21e8596ad48280f1ab64d79.fsi'
2022-04-02 12:22:20|  33.4|  0.0|INFORM|Finished saving spatial index into file 'C:\Users\LOCAL_~4\Temp\wb-cache-Update 3vG mosaics-iebUGC\Main_AttributeCreator_2 -1 22 fo 0 OUTPUT  0  e5d1588f13fe6ce6f21e8596ad48280f1ab64d79.fsi'
2022-04-02 12:22:20|  33.4|  0.0|STATS |Stored 1 feature(s) to FME feature store file `C:\Users\LOCAL_~4\Temp\wb-cache-Update 3vG mosaics-iebUGC\Main_StringSearcher_2 -1 15 fo 1 NOT_MATCHED  0  4736d47501ee59748004b60cc53ce8154d1da4ee.ffsupdating'
2022-04-02 12:22:20|  33.4|  0.0|INFORM|Saving spatial index into file 'C:\Users\LOCAL_~4\Temp\wb-cache-Update 3vG mosaics-iebUGC\Main_StringSearcher_2 -1 15 fo 1 NOT_MATCHED  0  4736d47501ee59748004b60cc53ce8154d1da4ee.fsi'
2022-04-02 12:22:20|  33.4|  0.0|INFORM|Finished saving spatial index into file 'C:\Users\LOCAL_~4\Temp\wb-cache-Update 3vG mosaics-iebUGC\Main_StringSearcher_2 -1 15 fo 1 NOT_MATCHED  0  4736d47501ee59748004b60cc53ce8154d1da4ee.fsi'
2022-04-02 12:22:20|  33.4|  0.0|STATS |FeatureJoiner (Disabled) Nuker (TeeFactory): Cloned 0 input feature(s) into 0 output feature(s)
2022-04-02 12:22:20|  33.4|  0.0|STATS |FeatureJoiner_JOINED Feature Counter -1 2147614723 (TeeFactory): Cloned 0 input feature(s) into 0 output feature(s)
2022-04-02 12:22:20|  33.4|  0.0|STATS |FeatureJoiner_UNJOINED_LEFT Feature Counter -1 2147680259 (TeeFactory): Cloned 0 input feature(s) into 0 output feature(s)
2022-04-02 12:22:20|  33.4|  0.0|STATS |FeatureJoiner_UNJOINED_RIGHT Feature Counter -1 2147745795 (TeeFactory): Cloned 0 input feature(s) into 0 output feature(s)
2022-04-02 12:22:20|  33.4|  0.0|STATS |FeatureJoiner_<REJECTED> Feature Counter -1 2147811331 (TeeFactory): Cloned 0 input feature(s) into 0 output feature(s)
2022-04-02 12:22:20|  33.4|  0.0|STATS |Destination Feature Type Routing Correlator (RoutingFactory): Tested 0 input feature(s), wrote 0 output feature(s): 0 matched merge filters, 0 were routed to output, 0 could not be routed.
2022-04-02 12:22:20|  33.4|  0.0|STATS |Final Output Nuker (TeeFactory): Cloned 0 input feature(s) into 0 output feature(s)
2022-04-02 12:22:20|  33.4|  0.0|STATS |VisualizerProcessor (CreationFactory): Created 1 features
2022-04-02 12:22:20|  33.4|  0.0|STATS |VisualizerCleaner (TeeFactory): Cloned 1 input feature(s) into 0 output feature(s)
2022-04-02 12:22:20|  33.4|  0.0|STATS |=-=-=-=-=-=-=-=-=-=-=-=-=-=-=-=-=-=-=-=-=-=-=-=-=-=-=-=-=-=-=-=-=-=-=-=-=-=-=-
2022-04-02 12:22:20|  33.4|  0.0|STATS |                            Features Read Summary
2022-04-02 12:22:20|  33.4|  0.0|STATS |=-=-=-=-=-=-=-=-=-=-=-=-=-=-=-=-=-=-=-=-=-=-=-=-=-=-=-=-=-=-=-=-=-=-=-=-=-=-=-
2022-04-02 12:22:20|  33.4|  0.0|STATS |==============================================================================
2022-04-02 12:22:20|  33.4|  0.0|STATS |Total Features Read                                                          0
2022-04-02 12:22:20|  33.4|  0.0|STATS |=-=-=-=-=-=-=-=-=-=-=-=-=-=-=-=-=-=-=-=-=-=-=-=-=-=-=-=-=-=-=-=-=-=-=-=-=-=-=-
2022-04-02 12:22:20|  33.4|  0.0|STATS |=-=-=-=-=-=-=-=-=-=-=-=-=-=-=-=-=-=-=-=-=-=-=-=-=-=-=-=-=-=-=-=-=-=-=-=-=-=-=-
2022-04-02 12:22:20|  33.4|  0.0|STATS |                           Features Written Summary
2022-04-02 12:22:20|  33.4|  0.0|STATS |=-=-=-=-=-=-=-=-=-=-=-=-=-=-=-=-=-=-=-=-=-=-=-=-=-=-=-=-=-=-=-=-=-=-=-=-=-=-=-
2022-04-02 12:22:20|  33.4|  0.0|STATS |==============================================================================
2022-04-02 12:22:20|  33.4|  0.0|STATS |Total Features Written                                                       0
2022-04-02 12:22:20|  33.4|  0.0|STATS |=-=-=-=-=-=-=-=-=-=-=-=-=-=-=-=-=-=-=-=-=-=-=-=-=-=-=-=-=-=-=-=-=-=-=-=-=-=-=-
2022-04-02 12:22:20|  33.4|  0.0|WARN  |-~-~-~-~-~-~-~-~-~-~-~-~-~-~-~-~-~-~-~-~-~-~-~-~-~-~-~-~-~-~-~-~-~-~-~-~-~-~-~-~-
2022-04-02 12:22:20|  33.4|  0.0|WARN  |-~                                                                             ~-
2022-04-02 12:22:20|  33.4|  0.0|WARN  |-~    Feature caches have been recorded at every stage of the translation.     ~-
2022-04-02 12:22:20|  33.4|  0.0|WARN  |-~                      To inspect the recorded features,                      ~-
2022-04-02 12:22:20|  33.4|  0.0|WARN  |-~              click the feature cache icons next to the ports.               ~-
2022-04-02 12:22:20|  33.4|  0.0|WARN  |-~                                                                             ~-
2022-04-02 12:22:20|  33.4|  0.0|WARN  |-~-~-~-~-~-~-~-~-~-~-~-~-~-~-~-~-~-~-~-~-~-~-~-~-~-~-~-~-~-~-~-~-~-~-~-~-~-~-~-~-
2022-04-02 12:22:20|  33.4|  0.0|INFORM|Translation was SUCCESSFUL with 7 warning(s) (0 feature(s) output)
2022-04-02 12:22:20|  33.4|  0.0|INFORM|FME Session Duration: 8 minutes 46.9 seconds. (CPU: 13.4s user, 20.0s system)
2022-04-02 12:22:20|  33.4|  0.0|INFORM|END - ProcessID: 21112, peak process memory usage: 345208 kB, current process memory usage: 338696 kB
